#
# There is insufficient memory for the Java Runtime Environment to continue.
# Native memory allocation (mmap) failed to map 264241152 bytes for G1 virtual space
# Possible reasons:
#   The system is out of physical RAM or swap space
#   The process is running with CompressedOops enabled, and the Java Heap may be blocking the growth of the native heap
# Possible solutions:
#   Reduce memory load on the system
#   Increase physical memory or swap space
#   Check if swap backing store is full
#   Decrease Java heap size (-Xmx/-Xms)
#   Decrease number of Java threads
#   Decrease Java thread stack sizes (-Xss)
#   Set larger code cache with -XX:ReservedCodeCacheSize=
#   JVM is running with Zero Based Compressed Oops mode in which the Java heap is
#     placed in the first 32GB address space. The Java Heap base address is the
#     maximum limit for the native heap growth. Please use -XX:HeapBaseMinAddress
#     to set the Java Heap base and to place the Java Heap above 32GB virtual address.
# This output file may be truncated or incomplete.
#
#  Out of Memory Error (os_windows.cpp:3532), pid=17892, tid=19088
#
# JRE version:  (17.0.2+8) (build )
# Java VM: OpenJDK 64-Bit Server VM (17.0.2+8-LTS, mixed mode, sharing, tiered, compressed oops, compressed class ptrs, g1 gc, windows-amd64)
# No core dump will be written. Minidumps are not enabled by default on client versions of Windows
#

---------------  S U M M A R Y ------------

Command Line: -Dfile.encoding=UTF-8 -XX:+ShowCodeDetailsInExceptionMessages project.MiniProject

Host: 12th Gen Intel(R) Core(TM) i5-1245U, 12 cores, 15G,  Windows 11 , 64 bit Build 22000 (10.0.22000.2600)
Time: Wed Mar  6 09:44:09 2024 India Standard Time elapsed time: 0.050414 seconds (0d 0h 0m 0s)

---------------  T H R E A D  ---------------

Current thread (0x000001e9eda9c100):  JavaThread "Unknown thread" [_thread_in_vm, id=19088, stack(0x000000ab11500000,0x000000ab11600000)]

Stack: [0x000000ab11500000,0x000000ab11600000]
Native frames: (J=compiled Java code, j=interpreted, Vv=VM code, C=native code)
V  [jvm.dll+0x6769fa]
V  [jvm.dll+0x831784]
V  [jvm.dll+0x832f2e]
V  [jvm.dll+0x833593]
V  [jvm.dll+0x2455e5]
V  [jvm.dll+0x673919]
V  [jvm.dll+0x668252]
V  [jvm.dll+0x30432b]
V  [jvm.dll+0x30b836]
V  [jvm.dll+0x35b5fe]
V  [jvm.dll+0x35b82f]
V  [jvm.dll+0x2db2d8]
V  [jvm.dll+0x2dc244]
V  [jvm.dll+0x803011]
V  [jvm.dll+0x369381]
V  [jvm.dll+0x7e238c]
V  [jvm.dll+0x3ec14f]
V  [jvm.dll+0x3edcd1]
C  [jli.dll+0x527b]
C  [ucrtbase.dll+0x26c0c]
C  [KERNEL32.DLL+0x153e0]
C  [ntdll.dll+0x485b]


---------------  P R O C E S S  ---------------

Threads class SMR info:
_java_thread_list=0x00007ffd8b69eed8, length=0, elements={
}

Java Threads: ( => current thread )

Other Threads:
  0x000001e9edaea610 GCTaskThread "GC Thread#0" [stack: 0x000000ab11600000,0x000000ab11700000] [id=24888]
  0x000001e9edafaf50 ConcurrentGCThread "G1 Main Marker" [stack: 0x000000ab11700000,0x000000ab11800000] [id=21800]
  0x000001e9edafc3d0 ConcurrentGCThread "G1 Conc#0" [stack: 0x000000ab11800000,0x000000ab11900000] [id=560]

[error occurred during error reporting (printing all threads), id 0xc0000005, EXCEPTION_ACCESS_VIOLATION (0xc0000005) at pc=0x00007ffd8ae5bd07]

VM state: not at safepoint (not fully initialized)

VM Mutex/Monitor currently owned by a thread:  ([mutex/lock_event])
[0x000001e9eda97e70] Heap_lock - owner thread: 0x000001e9eda9c100

Heap address: 0x0000000705000000, size: 4016 MB, Compressed Oops mode: Zero based, Oop shift amount: 3

CDS archive(s) mapped at: [0x0000000000000000-0x0000000000000000-0x0000000000000000), size 0, SharedBaseAddress: 0x0000000800000000, ArchiveRelocationMode: 0.
Narrow klass base: 0x0000000000000000, Narrow klass shift: 0, Narrow klass range: 0x0

GC Precious Log:
<Empty>

Heap:
 garbage-first heap   total 0K, used 0K [0x0000000705000000, 0x0000000800000000)
  region size 2048K, 0 young (0K), 0 survivors (0K)

[error occurred during error reporting (printing heap information), id 0xc0000005, EXCEPTION_ACCESS_VIOLATION (0xc0000005) at pc=0x00007ffd8b23fd49]

GC Heap History (0 events):
No events

Deoptimization events (0 events):
No events

Classes unloaded (0 events):
No events

Classes redefined (0 events):
No events

Internal exceptions (0 events):
No events

VM Operations (0 events):
No events

Events (1 events):
Event: 0.023 Loaded shared library C:\Program Files\Zulu\zulu-17\bin\java.dll


Dynamic libraries:
0x00007ff7b6650000 - 0x00007ff7b665e000 	C:\Program Files\Zulu\zulu-17\bin\javaw.exe
0x00007ffdda800000 - 0x00007ffddaa09000 	C:\Windows\SYSTEM32\ntdll.dll
0x00007ffdd9120000 - 0x00007ffdd91dd000 	C:\Windows\System32\KERNEL32.DLL
0x00007ffdd7d10000 - 0x00007ffdd8095000 	C:\Windows\System32\KERNELBASE.dll
0x00007ffdd80a0000 - 0x00007ffdd81b1000 	C:\Windows\System32\ucrtbase.dll
0x00007ffdbb780000 - 0x00007ffdbb798000 	C:\Program Files\Zulu\zulu-17\bin\jli.dll
0x00007ffdbb7a0000 - 0x00007ffdbb7bb000 	C:\Program Files\Zulu\zulu-17\bin\VCRUNTIME140.dll
0x00007ffdda460000 - 0x00007ffdda60c000 	C:\Windows\System32\USER32.dll
0x00007ffdb5920000 - 0x00007ffdb5bc5000 	C:\Windows\WinSxS\amd64_microsoft.windows.common-controls_6595b64144ccf1df_6.0.22000.2600_none_1b65155c6ae217ae\COMCTL32.dll
0x00007ffdd7c40000 - 0x00007ffdd7c66000 	C:\Windows\System32\win32u.dll
0x00007ffdda3b0000 - 0x00007ffdda453000 	C:\Windows\System32\msvcrt.dll
0x00007ffdda790000 - 0x00007ffdda7b9000 	C:\Windows\System32\GDI32.dll
0x00007ffdd8510000 - 0x00007ffdd862b000 	C:\Windows\System32\gdi32full.dll
0x00007ffdd7c70000 - 0x00007ffdd7d0d000 	C:\Windows\System32\msvcp_win.dll
0x00007ffdd9ac0000 - 0x00007ffdd9af1000 	C:\Windows\System32\IMM32.DLL
0x00007ffdd77b0000 - 0x00007ffdd7950000 	C:\Program Files\Avecto\Privilege Guard Client\PGHook.dll
0x00007ffdd8e60000 - 0x00007ffdd8f12000 	C:\Windows\System32\ADVAPI32.dll
0x00007ffdd91e0000 - 0x00007ffdd9282000 	C:\Windows\System32\sechost.dll
0x00007ffdd8460000 - 0x00007ffdd8487000 	C:\Windows\System32\bcrypt.dll
0x00007ffdd8d30000 - 0x00007ffdd8e52000 	C:\Windows\System32\RPCRT4.dll
0x00007ffdc61a0000 - 0x00007ffdc61ac000 	C:\Program Files\Zulu\zulu-17\bin\vcruntime140_1.dll
0x00007ffdaa760000 - 0x00007ffdaa7ed000 	C:\Program Files\Zulu\zulu-17\bin\msvcp140.dll
0x00007ffd8ab70000 - 0x00007ffd8b7d0000 	C:\Program Files\Zulu\zulu-17\bin\server\jvm.dll
0x00007ffdd8c00000 - 0x00007ffdd8c08000 	C:\Windows\System32\PSAPI.DLL
0x00007ffdbc0a0000 - 0x00007ffdbc0a9000 	C:\Windows\SYSTEM32\WSOCK32.dll
0x00007ffdd8f20000 - 0x00007ffdd8f8f000 	C:\Windows\System32\WS2_32.dll
0x00007ffdcf630000 - 0x00007ffdcf663000 	C:\Windows\SYSTEM32\WINMM.dll
0x00007ffdc6590000 - 0x00007ffdc659a000 	C:\Windows\SYSTEM32\VERSION.dll
0x00007ffdd69e0000 - 0x00007ffdd69f8000 	C:\Windows\SYSTEM32\kernel.appcore.dll
0x00007ffdd3e50000 - 0x00007ffdd3e5a000 	C:\Program Files\Zulu\zulu-17\bin\jimage.dll
0x00007ffdd5430000 - 0x00007ffdd5651000 	C:\Windows\SYSTEM32\DBGHELP.DLL
0x00007ffdbcf70000 - 0x00007ffdbcfa1000 	C:\Windows\SYSTEM32\dbgcore.DLL
0x00007ffdd8490000 - 0x00007ffdd850f000 	C:\Windows\System32\bcryptPrimitives.dll
0x00007ffdc0cc0000 - 0x00007ffdc0ce5000 	C:\Program Files\Zulu\zulu-17\bin\java.dll

dbghelp: loaded successfully - version: 4.0.5 - missing functions: none
symbol engine: initialized successfully - sym options: 0x614 - pdb path: .;C:\Program Files\Zulu\zulu-17\bin;C:\Windows\SYSTEM32;C:\Windows\WinSxS\amd64_microsoft.windows.common-controls_6595b64144ccf1df_6.0.22000.2600_none_1b65155c6ae217ae;C:\Program Files\Avecto\Privilege Guard Client;C:\Program Files\Zulu\zulu-17\bin\server

VM Arguments:
jvm_args: -Dfile.encoding=UTF-8 -XX:+ShowCodeDetailsInExceptionMessages 
java_command: project.MiniProject
java_class_path (initial): C:\Users\2318295\eclipse-workspace\MINIPROJECT\target\classes;C:\Users\2318295\.m2\repository\org\seleniumhq\selenium\selenium-java\4.16.1\selenium-java-4.16.1.jar;C:\Users\2318295\.m2\repository\org\seleniumhq\selenium\selenium-api\4.16.1\selenium-api-4.16.1.jar;C:\Users\2318295\.m2\repository\org\seleniumhq\selenium\selenium-chrome-driver\4.16.1\selenium-chrome-driver-4.16.1.jar;C:\Users\2318295\.m2\repository\com\google\auto\service\auto-service-annotations\1.1.1\auto-service-annotations-1.1.1.jar;C:\Users\2318295\.m2\repository\org\seleniumhq\selenium\selenium-chromium-driver\4.16.1\selenium-chromium-driver-4.16.1.jar;C:\Users\2318295\.m2\repository\org\seleniumhq\selenium\selenium-json\4.16.1\selenium-json-4.16.1.jar;C:\Users\2318295\.m2\repository\org\seleniumhq\selenium\selenium-manager\4.16.1\selenium-manager-4.16.1.jar;C:\Users\2318295\.m2\repository\org\seleniumhq\selenium\selenium-devtools-v118\4.16.1\selenium-devtools-v118-4.16.1.jar;C:\Users\2318295\.m2\repository\org\seleniumhq\selenium\selenium-devtools-v119\4.16.1\selenium-devtools-v119-4.16.1.jar;C:\Users\2318295\.m2\repository\org\seleniumhq\selenium\selenium-devtools-v120\4.16.1\selenium-devtools-v120-4.16.1.jar;C:\Users\2318295\.m2\repository\org\seleniumhq\selenium\selenium-devtools-v85\4.16.1\selenium-devtools-v85-4.16.1.jar;C:\Users\2318295\.m2\repository\org\seleniumhq\selenium\selenium-edge-driver\4.16.1\selenium-edge-driver-4.16.1.jar;C:\Users\2318295\.m2\repository\org\seleniumhq\selenium\selenium-firefox-driver\4.16.1\selenium-firefox-driver-4.16.1.jar;C:\Users\2318295\.m2\repository\org\seleniumhq\selenium\selenium-http\4.16.1\selenium-http-4.16.1.jar;C:\Users\2318295\.m2\repository\dev\failsafe\failsafe\3.3.2\failsafe-3.3.2.jar;C:\Users\2318295\.m2\repository\org\seleniumhq\selenium\selenium-ie-driver\4.16.1\selenium-ie-driver-4.16.1.jar;C:\Users\2318295\.m2\repository\org\seleniumhq\selenium\selenium-remote-driver\4.16.1\selenium-remote-driver-4.16.1.jar;C:
Launcher Type: SUN_STANDARD

[Global flags]
     intx CICompilerCount                          = 4                                         {product} {ergonomic}
     uint ConcGCThreads                            = 3                                         {product} {ergonomic}
     uint G1ConcRefinementThreads                  = 10                                        {product} {ergonomic}
   size_t G1HeapRegionSize                         = 2097152                                   {product} {ergonomic}
    uintx GCDrainStackTargetSize                   = 64                                        {product} {ergonomic}
   size_t InitialHeapSize                          = 264241152                                 {product} {ergonomic}
   size_t MarkStackSize                            = 4194304                                   {product} {ergonomic}
   size_t MaxHeapSize                              = 4211081216                                {product} {ergonomic}
   size_t MinHeapDeltaBytes                        = 2097152                                   {product} {ergonomic}
   size_t MinHeapSize                              = 8388608                                   {product} {ergonomic}
    uintx NonNMethodCodeHeapSize                   = 5839372                                {pd product} {ergonomic}
    uintx NonProfiledCodeHeapSize                  = 122909434                              {pd product} {ergonomic}
    uintx ProfiledCodeHeapSize                     = 122909434                              {pd product} {ergonomic}
    uintx ReservedCodeCacheSize                    = 251658240                              {pd product} {ergonomic}
     bool SegmentedCodeCache                       = true                                      {product} {ergonomic}
     bool ShowCodeDetailsInExceptionMessages       = true                                   {manageable} {command line}
   size_t SoftMaxHeapSize                          = 4211081216                             {manageable} {ergonomic}
     bool UseCompressedClassPointers               = true                           {product lp64_product} {ergonomic}
     bool UseCompressedOops                        = true                           {product lp64_product} {ergonomic}
     bool UseG1GC                                  = true                                      {product} {ergonomic}
     bool UseLargePagesIndividualAllocation        = false                                  {pd product} {ergonomic}

Logging:
Log output configuration:
 #0: stdout all=warning uptime,level,tags
 #1: stderr all=off uptime,level,tags

Environment Variables:
PATH=C:/Program Files/Zulu/zulu-17/bin/server;C:/Program Files/Zulu/zulu-17/bin;C:\Program Files\Zulu\zulu-17\bin\;C:\Windows\system32;C:\Windows;C:\Windows\System32\Wbem;C:\Windows\System32\WindowsPowerShell\v1.0\;C:\Windows\System32\OpenSSH\;C:\Users\2318295\AppData\Local\Microsoft\WindowsApps;;C:\Windows\System32;
USERNAME=2318295
OS=Windows_NT
PROCESSOR_IDENTIFIER=Intel64 Family 6 Model 154 Stepping 4, GenuineIntel



---------------  S Y S T E M  ---------------

OS:
 Windows 11 , 64 bit Build 22000 (10.0.22000.2600)
OS uptime: 6 days 22:01 hours
Hyper-V role detected

CPU: total 12 (initial active 12) (6 cores per cpu, 2 threads per core) family 6 model 154 stepping 4 microcode 0x423, cx8, cmov, fxsr, ht, mmx, 3dnowpref, sse, sse2, sse3, ssse3, sse4.1, sse4.2, popcnt, lzcnt, tsc, tscinvbit, avx, avx2, aes, erms, clmul, bmi1, bmi2, adx, sha, fma, vzeroupper, clflush, clflushopt, clwb, hv

Memory: 4k page, system-wide physical 16059M (4418M free)
TotalPageFile size 48827M (AvailPageFile size 131M)
current process WorkingSet (physical memory assigned to process): 11M, peak: 11M
current process commit charge ("private bytes"): 64M, peak: 316M

vm_info: OpenJDK 64-Bit Server VM (17.0.2+8-LTS) for windows-amd64 JRE (17.0.2+8-LTS) (Zulu17.32+13-CA), built on Jan  8 2022 13:06:16 by "zulu_re" with MS VC++ 16.10 / 16.11 (VS2019)

END.
